{
  "stats": {
    "suites": 1,
    "tests": 4,
    "passes": 4,
    "pending": 0,
    "failures": 0,
    "start": "2024-03-26T09:01:39.532Z",
    "end": "2024-03-26T09:01:41.402Z",
    "duration": 1870,
    "testsRegistered": 4,
    "passPercent": 100,
    "pendingPercent": 0,
    "other": 0,
    "hasOther": false,
    "skipped": 0,
    "hasSkipped": false
  },
  "results": [
    {
      "uuid": "9cfe0ba8-f38e-47de-88d4-7aa3caa46ecc",
      "title": "",
      "fullFile": "cypress\\e2e\\Swagger-API\\PetstoreAPI.cy.js",
      "file": "cypress\\e2e\\Swagger-API\\PetstoreAPI.cy.js",
      "beforeHooks": [],
      "afterHooks": [],
      "tests": [],
      "suites": [
        {
          "uuid": "6d7b93b1-1dab-4246-8fb9-5edc8879f45a",
          "title": "CY API test",
          "fullFile": "",
          "file": "",
          "beforeHooks": [],
          "afterHooks": [],
          "tests": [
            {
              "title": "Find pet by ID",
              "fullTitle": "CY API test Find pet by ID",
              "timedOut": null,
              "duration": 932,
              "state": "passed",
              "speed": "fast",
              "pass": true,
              "fail": false,
              "pending": false,
              "context": null,
              "code": "cy.request(\"GET\", `${_PetstoreData.url}/8`).should(response => {\n  expect(response.status).to.eq(200);\n});",
              "err": {},
              "uuid": "2ff476d1-ff03-4713-a9b2-b3a6004b9765",
              "parentUUID": "6d7b93b1-1dab-4246-8fb9-5edc8879f45a",
              "isHook": false,
              "skipped": false
            },
            {
              "title": "Add a new pet to the store",
              "fullTitle": "CY API test Add a new pet to the store",
              "timedOut": null,
              "duration": 278,
              "state": "passed",
              "speed": "fast",
              "pass": true,
              "fail": false,
              "pending": false,
              "context": null,
              "code": "cy.request(\"POST\", `${_PetstoreData.url}`, _PetstoreData.body).should(response => {\n  expect(response.status).to.eq(200);\n});",
              "err": {},
              "uuid": "a3360452-dd03-4e4d-8f48-4dd4788e3b3e",
              "parentUUID": "6d7b93b1-1dab-4246-8fb9-5edc8879f45a",
              "isHook": false,
              "skipped": false
            },
            {
              "title": "Update an existing pet",
              "fullTitle": "CY API test Update an existing pet",
              "timedOut": null,
              "duration": 223,
              "state": "passed",
              "speed": "fast",
              "pass": true,
              "fail": false,
              "pending": false,
              "context": null,
              "code": "cy.request(\"PUT\", `${_PetstoreData.url}`, _PetstoreData.body).should(response => {\n  expect(response.status).to.eq(200);\n});",
              "err": {},
              "uuid": "7d40d118-0219-4f42-8d2a-7729686362c6",
              "parentUUID": "6d7b93b1-1dab-4246-8fb9-5edc8879f45a",
              "isHook": false,
              "skipped": false
            },
            {
              "title": "Delete a pet",
              "fullTitle": "CY API test Delete a pet",
              "timedOut": null,
              "duration": 196,
              "state": "passed",
              "speed": "fast",
              "pass": true,
              "fail": false,
              "pending": false,
              "context": null,
              "code": "cy.request(\"DELETE\", `${_PetstoreData.url}/5`).should(response => {\n  expect(response.status).to.eq(200);\n});",
              "err": {},
              "uuid": "48710a37-d37c-424e-a962-2694a210eccd",
              "parentUUID": "6d7b93b1-1dab-4246-8fb9-5edc8879f45a",
              "isHook": false,
              "skipped": false
            }
          ],
          "suites": [],
          "passes": [
            "2ff476d1-ff03-4713-a9b2-b3a6004b9765",
            "a3360452-dd03-4e4d-8f48-4dd4788e3b3e",
            "7d40d118-0219-4f42-8d2a-7729686362c6",
            "48710a37-d37c-424e-a962-2694a210eccd"
          ],
          "failures": [],
          "pending": [],
          "skipped": [],
          "duration": 1629,
          "root": false,
          "rootEmpty": false,
          "_timeout": 2000
        }
      ],
      "passes": [],
      "failures": [],
      "pending": [],
      "skipped": [],
      "duration": 0,
      "root": true,
      "rootEmpty": true,
      "_timeout": 2000
    }
  ],
  "meta": {
    "mocha": {
      "version": "7.0.1"
    },
    "mochawesome": {
      "options": {
        "quiet": false,
        "reportFilename": "my-report",
        "saveHtml": true,
        "saveJson": true,
        "consoleReporter": "spec",
        "useInlineDiffs": false,
        "code": true
      },
      "version": "7.1.3"
    },
    "marge": {
      "options": {
        "charts": true,
        "json": true,
        "reportFilename": "my-report",
        "overwrite": false
      },
      "version": "6.2.0"
    }
  }
}