{
  "stats": {
    "suites": 1,
    "tests": 9,
    "passes": 9,
    "pending": 0,
    "failures": 0,
    "start": "2024-03-26T09:01:13.183Z",
    "end": "2024-03-26T09:01:32.937Z",
    "duration": 19754,
    "testsRegistered": 9,
    "passPercent": 100,
    "pendingPercent": 0,
    "other": 0,
    "hasOther": false,
    "skipped": 0,
    "hasSkipped": false
  },
  "results": [
    {
      "uuid": "5d88acf3-a697-4d18-a6df-94a72258f084",
      "title": "",
      "fullFile": "cypress\\e2e\\sausedemo-test\\HomePageTests.cy.js",
      "file": "cypress\\e2e\\sausedemo-test\\HomePageTests.cy.js",
      "beforeHooks": [],
      "afterHooks": [],
      "tests": [],
      "suites": [
        {
          "uuid": "62a8043f-8836-43e7-adb5-dbc7c8c41753",
          "title": "Swag Labs tests",
          "fullFile": "",
          "file": "",
          "beforeHooks": [],
          "afterHooks": [],
          "tests": [
            {
              "title": "Login on website",
              "fullTitle": "Swag Labs tests Login on website",
              "timedOut": null,
              "duration": 3369,
              "state": "passed",
              "speed": "fast",
              "pass": true,
              "fail": false,
              "pending": false,
              "context": null,
              "code": "cy.title().should(\"eq\", \"Swag Labs\");",
              "err": {},
              "uuid": "4b9467f3-d7b0-4e97-b36d-31f511a53436",
              "parentUUID": "62a8043f-8836-43e7-adb5-dbc7c8c41753",
              "isHook": false,
              "skipped": false
            },
            {
              "title": "Header test",
              "fullTitle": "Swag Labs tests Header test",
              "timedOut": null,
              "duration": 1480,
              "state": "passed",
              "speed": "fast",
              "pass": true,
              "fail": false,
              "pending": false,
              "context": null,
              "code": "Main_Elements.burgerVisible();\nMain_Elements.logoVisible();\nMain_Elements.shoppingCartVisible();",
              "err": {},
              "uuid": "6585a8a0-770a-44f7-a7b3-1c5f75fdba3f",
              "parentUUID": "62a8043f-8836-43e7-adb5-dbc7c8c41753",
              "isHook": false,
              "skipped": false
            },
            {
              "title": "Burger menu test",
              "fullTitle": "Swag Labs tests Burger menu test",
              "timedOut": null,
              "duration": 1369,
              "state": "passed",
              "speed": "fast",
              "pass": true,
              "fail": false,
              "pending": false,
              "context": null,
              "code": "BurgerMenu_Elements.burgerButton();\nBurgerMenu_Elements.burgerMenuVisible();\nBurgerMenu_Elements.allItems();\nBurgerMenu_Elements.about();\nBurgerMenu_Elements.logout();\nBurgerMenu_Elements.reset();",
              "err": {},
              "uuid": "836dbac9-2d7e-44a8-bd5d-f1da5af442f7",
              "parentUUID": "62a8043f-8836-43e7-adb5-dbc7c8c41753",
              "isHook": false,
              "skipped": false
            },
            {
              "title": "Filter test",
              "fullTitle": "Swag Labs tests Filter test",
              "timedOut": null,
              "duration": 1246,
              "state": "passed",
              "speed": "fast",
              "pass": true,
              "fail": false,
              "pending": false,
              "context": null,
              "code": "Filter_Elements.optionAZ();\nFilter_Elements.optionZA();\nFilter_Elements.optionLH();\nFilter_Elements.optionHL();\ncy.get(\"[data-test=product_sort_container]\").should(\"have.text\", \"Name (A to Z)Name (Z to A)Price (low to high)Price (high to low)\");",
              "err": {},
              "uuid": "f3508c9d-1c5c-46fb-af2d-1afa0636a48e",
              "parentUUID": "62a8043f-8836-43e7-adb5-dbc7c8c41753",
              "isHook": false,
              "skipped": false
            },
            {
              "title": "Inventory list test",
              "fullTitle": "Swag Labs tests Inventory list test",
              "timedOut": null,
              "duration": 1132,
              "state": "passed",
              "speed": "fast",
              "pass": true,
              "fail": false,
              "pending": false,
              "context": null,
              "code": "Inventory_Elements.inventoryContainer();\nInventory_Elements.inventoryList();",
              "err": {},
              "uuid": "c5003e54-e105-41ab-a046-a18dd8beca5c",
              "parentUUID": "62a8043f-8836-43e7-adb5-dbc7c8c41753",
              "isHook": false,
              "skipped": false
            },
            {
              "title": "Inventory item test",
              "fullTitle": "Swag Labs tests Inventory item test",
              "timedOut": null,
              "duration": 1401,
              "state": "passed",
              "speed": "fast",
              "pass": true,
              "fail": false,
              "pending": false,
              "context": null,
              "code": "InventoryItem_Elements.imgVisible();\nInventoryItem_Elements.nameVisible();\nInventoryItem_Elements.descVisible();\nInventoryItem_Elements.priceVisible();\nInventoryItem_Elements.cartButton();",
              "err": {},
              "uuid": "fc8fb4fa-f5c7-4d66-aa24-4b988d3908ff",
              "parentUUID": "62a8043f-8836-43e7-adb5-dbc7c8c41753",
              "isHook": false,
              "skipped": false
            },
            {
              "title": "Footer test",
              "fullTitle": "Swag Labs tests Footer test",
              "timedOut": null,
              "duration": 1083,
              "state": "passed",
              "speed": "fast",
              "pass": true,
              "fail": false,
              "pending": false,
              "context": null,
              "code": "Footer_Elements.twitterVisible();\nFooter_Elements.facebookVisible();\nFooter_Elements.linkedinVisible();\ncy.get(\".footer_copy\").should(\"be.visible\").and(\"have.text\", \"© 2024 Sauce Labs. All Rights Reserved. Terms of Service | Privacy Policy\");",
              "err": {},
              "uuid": "1a03d651-c3f1-412c-913c-de5aa45685d6",
              "parentUUID": "62a8043f-8836-43e7-adb5-dbc7c8c41753",
              "isHook": false,
              "skipped": false
            },
            {
              "title": "Add to cart test",
              "fullTitle": "Swag Labs tests Add to cart test",
              "timedOut": null,
              "duration": 1552,
              "state": "passed",
              "speed": "fast",
              "pass": true,
              "fail": false,
              "pending": false,
              "context": null,
              "code": "AddToCart_Elements.addBackpack();\nAddToCart_Elements.addBikeLight();\nAddToCart_Elements.addTShirt();\nAddToCart_Elements.addJacket();\nAddToCart_Elements.addOnesie();\ncy.get(\".shopping_cart_link\").should(\"have.text\", \"5\");",
              "err": {},
              "uuid": "f1c76063-12ce-4759-83cc-2c8e71d16d31",
              "parentUUID": "62a8043f-8836-43e7-adb5-dbc7c8c41753",
              "isHook": false,
              "skipped": false
            },
            {
              "title": "Make order test",
              "fullTitle": "Swag Labs tests Make order test",
              "timedOut": null,
              "duration": 2537,
              "state": "passed",
              "speed": "fast",
              "pass": true,
              "fail": false,
              "pending": false,
              "context": null,
              "code": "AddToCart_Elements.addBackpack();\nAddToCart_Elements.addBikeLight();\nAddToCart_Elements.shoppingCartButton();\nCart_Elements.checkoutButton();\nInfo_Elements.firstName();\nInfo_Elements.lastName();\nInfo_Elements.postalCode();\nInfo_Elements.continueButton();\nOverview_Elements.finishButton();\nComplete_Elements.title();\nComplete_Elements.header();\ncy.get(\".complete-text\").should(\"have.text\", \"Your order has been dispatched, and will arrive just as fast as the pony can get there!\");",
              "err": {},
              "uuid": "34e81f02-6b2f-4792-a402-105ca8422bef",
              "parentUUID": "62a8043f-8836-43e7-adb5-dbc7c8c41753",
              "isHook": false,
              "skipped": false
            }
          ],
          "suites": [],
          "passes": [
            "4b9467f3-d7b0-4e97-b36d-31f511a53436",
            "6585a8a0-770a-44f7-a7b3-1c5f75fdba3f",
            "836dbac9-2d7e-44a8-bd5d-f1da5af442f7",
            "f3508c9d-1c5c-46fb-af2d-1afa0636a48e",
            "c5003e54-e105-41ab-a046-a18dd8beca5c",
            "fc8fb4fa-f5c7-4d66-aa24-4b988d3908ff",
            "1a03d651-c3f1-412c-913c-de5aa45685d6",
            "f1c76063-12ce-4759-83cc-2c8e71d16d31",
            "34e81f02-6b2f-4792-a402-105ca8422bef"
          ],
          "failures": [],
          "pending": [],
          "skipped": [],
          "duration": 15169,
          "root": false,
          "rootEmpty": false,
          "_timeout": 2000
        }
      ],
      "passes": [],
      "failures": [],
      "pending": [],
      "skipped": [],
      "duration": 0,
      "root": true,
      "rootEmpty": true,
      "_timeout": 2000
    }
  ],
  "meta": {
    "mocha": {
      "version": "7.0.1"
    },
    "mochawesome": {
      "options": {
        "quiet": false,
        "reportFilename": "my-report",
        "saveHtml": true,
        "saveJson": true,
        "consoleReporter": "spec",
        "useInlineDiffs": false,
        "code": true
      },
      "version": "7.1.3"
    },
    "marge": {
      "options": {
        "charts": true,
        "json": true,
        "reportFilename": "my-report",
        "overwrite": false
      },
      "version": "6.2.0"
    }
  }
}